tmdb/tmdb/app/build/intermediates/manifest_merge_blame_file/debug/manifest-merger-blame-debug-report.txt
1<?xml version="1.0" encoding="utf-8"?>
2<manifest xmlns:android="http://schemas.android.com/apk/res/android"
3    package="drz.tmdb"
4    android:versionCode="1"
5    android:versionName="1.0" >
6
7    <uses-sdk
8        android:minSdkVersion="26"
8-->src\main\AndroidManifest.xml
9        android:targetSdkVersion="33" />
9-->src\main\AndroidManifest.xml
10
11    <!-- 允许访问网络，必选权限 -->
12    <uses-permission android:name="android.permission.INTERNET" /> <!-- 允许获取粗略位置，若用GPS实现定位小蓝点功能则必选 -->
12-->src\main\AndroidManifest.xml:7:5-67
12-->src\main\AndroidManifest.xml:7:22-64
13    <uses-permission android:name="android.permission.ACCESS_COARSE_LOCATION" /> <!-- 允许获取wifi状态改变，用于网络定位，若无gps但仍需实现定位小蓝点功能则此权限必选 -->
13-->src\main\AndroidManifest.xml:8:5-81
13-->src\main\AndroidManifest.xml:8:22-78
14    <uses-permission android:name="android.permission.CHANGE_WIFI_STATE" /> <!-- 允许读设备等信息，用于问题排查 -->
14-->src\main\AndroidManifest.xml:9:5-76
14-->src\main\AndroidManifest.xml:9:22-73
15    <uses-permission android:name="android.permission.READ_PHONE_STATE" /> <!-- 允许获取网络状态 -->
15-->src\main\AndroidManifest.xml:10:5-75
15-->src\main\AndroidManifest.xml:10:22-72
16    <uses-permission android:name="android.permission.ACCESS_NETWORK_STATE" /> <!-- 允许获取wifi网络信息 -->
16-->src\main\AndroidManifest.xml:11:5-79
16-->src\main\AndroidManifest.xml:11:22-76
17    <uses-permission android:name="android.permission.ACCESS_WIFI_STATE" /> <!-- 允许写入扩展存储，用于搜索结果缓存，若无此权限则写到私有目录 -->
17-->src\main\AndroidManifest.xml:12:5-76
17-->src\main\AndroidManifest.xml:12:22-73
18    <uses-permission android:name="android.permission.WRITE_EXTERNAL_STORAGE" /> <!-- 允许写设备缓存，用于问题排查 -->
18-->src\main\AndroidManifest.xml:13:5-81
18-->src\main\AndroidManifest.xml:13:22-78
19    <uses-permission android:name="android.permission.WRITE_SETTINGS" /> <!-- 允许读设备等信息，用于问题排查 -->
19-->src\main\AndroidManifest.xml:14:5-16:47
19-->src\main\AndroidManifest.xml:15:9-57
20    <uses-permission android:name="android.permission.READ_EXTERNAL_STORAGE" />
20-->src\main\AndroidManifest.xml:17:5-80
20-->src\main\AndroidManifest.xml:17:22-77
21    <!-- 用于访问GPS定位 -->
22    <uses-permission android:name="android.permission.ACCESS_FINE_LOCATION" />
22-->src\main\AndroidManifest.xml:19:5-79
22-->src\main\AndroidManifest.xml:19:22-76
23    <!-- 用于申请调用A-GPS模块 -->
24    <uses-permission android:name="android.permission.ACCESS_LOCATION_EXTRA_COMMANDS" />
24-->src\main\AndroidManifest.xml:21:5-89
24-->src\main\AndroidManifest.xml:21:22-86
25    <!-- 如果设置了target >= 28 如果需要启动后台定位则必须声明这个权限 -->
26    <uses-permission android:name="android.permission.FOREGROUND_SERVICE" />
26-->src\main\AndroidManifest.xml:23:5-76
26-->src\main\AndroidManifest.xml:23:22-74
27    <!-- 如果您的应用需要后台定位权限，且有可能运行在Android Q设备上,并且设置了target>28，必须增加这个权限声明 -->
28    <uses-permission android:name="android.permission.ACCESS_BACKGROUND_LOCATION" />
28-->src\main\AndroidManifest.xml:25:5-84
28-->src\main\AndroidManifest.xml:25:22-82
29
30    <application
30-->src\main\AndroidManifest.xml:27:5-107:19
31        android:allowBackup="true"
31-->src\main\AndroidManifest.xml:28:9-35
32        android:appComponentFactory="androidx.core.app.CoreComponentFactory"
32-->[androidx.core:core:1.7.0] AndroidManifest.xml:24:18-86
33        android:debuggable="true"
34        android:extractNativeLibs="false"
35        android:icon="@drawable/icon"
35-->src\main\AndroidManifest.xml:29:9-38
36        android:label="@string/app_name"
36-->src\main\AndroidManifest.xml:30:9-41
37        android:roundIcon="@drawable/icon"
37-->src\main\AndroidManifest.xml:31:9-43
38        android:supportsRtl="true"
38-->src\main\AndroidManifest.xml:32:9-35
39        android:theme="@style/AppTheme" >
39-->src\main\AndroidManifest.xml:33:9-40
40        <activity
40-->src\main\AndroidManifest.xml:34:9-40:20
41            android:name="drz.tmdb.map.MapActivity"
41-->src\main\AndroidManifest.xml:35:13-44
42            android:exported="false" >
42-->src\main\AndroidManifest.xml:36:13-37
43            <meta-data
43-->src\main\AndroidManifest.xml:37:13-39:36
44                android:name="android.app.lib_name"
44-->src\main\AndroidManifest.xml:38:17-52
45                android:value="" />
45-->src\main\AndroidManifest.xml:39:17-33
46        </activity>
47
48        <meta-data
48-->src\main\AndroidManifest.xml:42:9-44:46
49            android:name="com.google.android.actions"
49-->src\main\AndroidManifest.xml:43:13-54
50            android:resource="@xml/echart" />
50-->src\main\AndroidManifest.xml:44:13-43
51        <meta-data
51-->src\main\AndroidManifest.xml:45:9-47:64
52            android:name="com.amap.api.v2.apikey"
52-->src\main\AndroidManifest.xml:46:13-50
53            android:value="c02609ad59c966ee44ec7d0d8459af98" />
53-->src\main\AndroidManifest.xml:47:13-61
54
55        <service android:name="com.amap.api.location.APSService" >
55-->src\main\AndroidManifest.xml:49:9-51:19
55-->src\main\AndroidManifest.xml:50:13-60
56        </service>
57
58        <activity
58-->src\main\AndroidManifest.xml:54:9-62:20
59            android:name="drz.tmdb.MainActivity"
59-->src\main\AndroidManifest.xml:55:13-41
60            android:exported="true" >
60-->src\main\AndroidManifest.xml:56:13-36
61            <intent-filter>
61-->src\main\AndroidManifest.xml:57:13-61:29
62                <action android:name="android.intent.action.MAIN" />
62-->src\main\AndroidManifest.xml:58:17-69
62-->src\main\AndroidManifest.xml:58:25-66
63
64                <category android:name="android.intent.category.LAUNCHER" />
64-->src\main\AndroidManifest.xml:60:17-77
64-->src\main\AndroidManifest.xml:60:27-74
65            </intent-filter>
66        </activity>
67        <activity
67-->src\main\AndroidManifest.xml:63:9-71:20
68            android:name="drz.tmdb.echart"
68-->src\main\AndroidManifest.xml:64:13-35
69            android:exported="true" >
69-->src\main\AndroidManifest.xml:65:13-36
70            <intent-filter>
70-->src\main\AndroidManifest.xml:66:13-70:29
71                <action android:name="android.intent.action.echart" />
71-->src\main\AndroidManifest.xml:67:17-71
71-->src\main\AndroidManifest.xml:67:25-68
72
73                <category android:name="android.intent.category.DEFAULT" />
73-->src\main\AndroidManifest.xml:69:17-76
73-->src\main\AndroidManifest.xml:69:27-73
74            </intent-filter>
75        </activity>
76        <activity
76-->src\main\AndroidManifest.xml:72:9-81:20
77            android:name="drz.tmdb.show.PrintResult"
77-->src\main\AndroidManifest.xml:73:13-45
78            android:exported="true"
78-->src\main\AndroidManifest.xml:74:13-36
79            android:label="Print Result" >
79-->src\main\AndroidManifest.xml:75:13-41
80            <intent-filter>
80-->src\main\AndroidManifest.xml:76:13-80:29
81                <action android:name="android.intent.action.PRINTRST" />
81-->src\main\AndroidManifest.xml:77:17-73
81-->src\main\AndroidManifest.xml:77:25-70
82
83                <category android:name="android.intent.category.DEFAULT" />
83-->src\main\AndroidManifest.xml:69:17-76
83-->src\main\AndroidManifest.xml:69:27-73
84            </intent-filter>
85        </activity>
86        <activity
86-->src\main\AndroidManifest.xml:82:9-85:59
87            android:name="drz.tmdb.show.ShowTable"
87-->src\main\AndroidManifest.xml:83:13-43
88            android:label="ShowTable"
88-->src\main\AndroidManifest.xml:84:13-38
89            android:theme="@style/AppTheme.NoActionBar" />
89-->src\main\AndroidManifest.xml:85:13-56
90        <activity
90-->src\main\AndroidManifest.xml:86:9-89:59
91            android:name="drz.tmdb.show.ShowObj"
91-->src\main\AndroidManifest.xml:87:13-41
92            android:label="ShowObj"
92-->src\main\AndroidManifest.xml:88:13-36
93            android:theme="@style/AppTheme.NoActionBar" />
93-->src\main\AndroidManifest.xml:89:13-56
94        <activity
94-->src\main\AndroidManifest.xml:90:9-93:59
95            android:name="drz.tmdb.show.ShowSwi"
95-->src\main\AndroidManifest.xml:91:13-41
96            android:label="ShowSwi"
96-->src\main\AndroidManifest.xml:92:13-36
97            android:theme="@style/AppTheme.NoActionBar" />
97-->src\main\AndroidManifest.xml:93:13-56
98        <activity
98-->src\main\AndroidManifest.xml:94:9-97:59
99            android:name="drz.tmdb.show.ShowDep"
99-->src\main\AndroidManifest.xml:95:13-41
100            android:label="ShowDep"
100-->src\main\AndroidManifest.xml:96:13-36
101            android:theme="@style/AppTheme.NoActionBar" />
101-->src\main\AndroidManifest.xml:97:13-56
102        <activity
102-->src\main\AndroidManifest.xml:98:9-101:59
103            android:name="drz.tmdb.show.ShowBi"
103-->src\main\AndroidManifest.xml:99:13-40
104            android:label="ShowBi"
104-->src\main\AndroidManifest.xml:100:13-35
105            android:theme="@style/AppTheme.NoActionBar" />
105-->src\main\AndroidManifest.xml:101:13-56
106        <activity
106-->src\main\AndroidManifest.xml:102:9-105:59
107            android:name="drz.tmdb.show.ShowCla"
107-->src\main\AndroidManifest.xml:103:13-41
108            android:label="ShowCla"
108-->src\main\AndroidManifest.xml:104:13-36
109            android:theme="@style/AppTheme.NoActionBar" />
109-->src\main\AndroidManifest.xml:105:13-56
110
111        <provider
111-->[androidx.emoji2:emoji2:1.0.0] AndroidManifest.xml:26:9-34:20
112            android:name="androidx.startup.InitializationProvider"
112-->[androidx.emoji2:emoji2:1.0.0] AndroidManifest.xml:27:13-67
113            android:authorities="drz.tmdb.androidx-startup"
113-->[androidx.emoji2:emoji2:1.0.0] AndroidManifest.xml:28:13-68
114            android:exported="false" >
114-->[androidx.emoji2:emoji2:1.0.0] AndroidManifest.xml:29:13-37
115            <meta-data
115-->[androidx.emoji2:emoji2:1.0.0] AndroidManifest.xml:31:13-33:52
116                android:name="androidx.emoji2.text.EmojiCompatInitializer"
116-->[androidx.emoji2:emoji2:1.0.0] AndroidManifest.xml:32:17-75
117                android:value="androidx.startup" />
117-->[androidx.emoji2:emoji2:1.0.0] AndroidManifest.xml:33:17-49
118            <meta-data
118-->[androidx.lifecycle:lifecycle-process:2.4.0] AndroidManifest.xml:31:13-33:52
119                android:name="androidx.lifecycle.ProcessLifecycleInitializer"
119-->[androidx.lifecycle:lifecycle-process:2.4.0] AndroidManifest.xml:32:17-78
120                android:value="androidx.startup" />
120-->[androidx.lifecycle:lifecycle-process:2.4.0] AndroidManifest.xml:33:17-49
121        </provider>
122    </application>
123
124</manifest>